# JRE version: Java(TM) SE Runtime Environment (8.0_71-b15) (build 1.8.0_71-b15)
# Java VM: Java HotSpot(TM) 64-Bit Server VM (25.71-b15 mixed mode windows-amd64 compressed oops)
Heap:
 PSYoungGen      total 136704K, used 4780K [0x00000000d5b00000, 0x00000000e6700000, 0x0000000100000000)
  eden space 132096K, 0% used [0x00000000d5b00000,0x00000000d5bd6ac8,0x00000000ddc00000)
  from space 4608K, 85% used [0x00000000ddc00000,0x00000000ddfd4730,0x00000000de080000)
  to   space 5120K, 0% used [0x00000000e6200000,0x00000000e6200000,0x00000000e6700000)
 ParOldGen       total 87552K, used 2068K [0x0000000081000000, 0x0000000086580000, 0x00000000d5b00000)
  object space 87552K, 2% used [0x0000000081000000,0x0000000081205188,0x0000000086580000)
 Metaspace       used 4909K, capacity 5691K, committed 5888K, reserved 1056768K
  class space    used 456K, capacity 464K, committed 512K, reserved 1048576K
GC Heap History (10 events):
Event: 0.626 GC heap before
{Heap before GC invocations=3 (full 0):
 PSYoungGen      total 38400K, used 34890K [0x00000000d5b00000, 0x00000000da600000, 0x0000000100000000)
  eden space 33280K, 100% used [0x00000000d5b00000,0x00000000d7b80000,0x00000000d7b80000)
  from space 5120K, 31% used [0x00000000d8080000,0x00000000d8212950,0x00000000d8580000)
  to   space 5120K, 0% used [0x00000000d7b80000,0x00000000d7b80000,0x00000000d8080000)
 ParOldGen       total 87552K, used 16K [0x0000000081000000, 0x0000000086580000, 0x00000000d5b00000)
  object space 87552K, 0% used [0x0000000081000000,0x0000000081004000,0x0000000086580000)
 Metaspace       used 4892K, capacity 5691K, committed 5888K, reserved 1056768K
  class space    used 456K, capacity 464K, committed 512K, reserved 1048576K
Event: 0.635 GC heap after
Heap after GC invocations=3 (full 0):
 PSYoungGen      total 38400K, used 2009K [0x00000000d5b00000, 0x00000000da600000, 0x0000000100000000)
  eden space 33280K, 0% used [0x00000000d5b00000,0x00000000d5b00000,0x00000000d7b80000)
  from space 5120K, 39% used [0x00000000d7b80000,0x00000000d7d76440,0x00000000d8080000)
  to   space 5120K, 0% used [0x00000000da100000,0x00000000da100000,0x00000000da600000)
 ParOldGen       total 87552K, used 16K [0x0000000081000000, 0x0000000086580000, 0x00000000d5b00000)
  object space 87552K, 0% used [0x0000000081000000,0x0000000081004000,0x0000000086580000)
 Metaspace       used 4892K, capacity 5691K, committed 5888K, reserved 1056768K
  class space    used 456K, capacity 464K, committed 512K, reserved 1048576K
}
Event: 0.697 GC heap before
{Heap before GC invocations=4 (full 0):
 PSYoungGen      total 38400K, used 35289K [0x00000000d5b00000, 0x00000000da600000, 0x0000000100000000)
  eden space 33280K, 100% used [0x00000000d5b00000,0x00000000d7b80000,0x00000000d7b80000)
  from space 5120K, 39% used [0x00000000d7b80000,0x00000000d7d76440,0x00000000d8080000)
  to   space 5120K, 0% used [0x00000000da100000,0x00000000da100000,0x00000000da600000)
 ParOldGen       total 87552K, used 16K [0x0000000081000000, 0x0000000086580000, 0x00000000d5b00000)
  object space 87552K, 0% used [0x0000000081000000,0x0000000081004000,0x0000000086580000)
 Metaspace       used 4894K, capacity 5691K, committed 5888K, reserved 1056768K
  class space    used 456K, capacity 464K, committed 512K, reserved 1048576K
Event: 0.702 GC heap after
Heap after GC invocations=4 (full 0):
 PSYoungGen      total 71680K, used 2473K [0x00000000d5b00000, 0x00000000da600000, 0x0000000100000000)
  eden space 66560K, 0% used [0x00000000d5b00000,0x00000000d5b00000,0x00000000d9c00000)
  from space 5120K, 48% used [0x00000000da100000,0x00000000da36a450,0x00000000da600000)
  to   space 5120K, 0% used [0x00000000d9c00000,0x00000000d9c00000,0x00000000da100000)
 ParOldGen       total 87552K, used 16K [0x0000000081000000, 0x0000000086580000, 0x00000000d5b00000)
  object space 87552K, 0% used [0x0000000081000000,0x0000000081004000,0x0000000086580000)
 Metaspace       used 4894K, capacity 5691K, committed 5888K, reserved 1056768K
  class space    used 456K, capacity 464K, committed 512K, reserved 1048576K
}
Event: 0.803 GC heap before
{Heap before GC invocations=5 (full 0):
 PSYoungGen      total 71680K, used 69033K [0x00000000d5b00000, 0x00000000da600000, 0x0000000100000000)
  eden space 66560K, 100% used [0x00000000d5b00000,0x00000000d9c00000,0x00000000d9c00000)
  from space 5120K, 48% used [0x00000000da100000,0x00000000da36a450,0x00000000da600000)
  to   space 5120K, 0% used [0x00000000d9c00000,0x00000000d9c00000,0x00000000da100000)
 ParOldGen       total 87552K, used 16K [0x0000000081000000, 0x0000000086580000, 0x00000000d5b00000)
  object space 87552K, 0% used [0x0000000081000000,0x0000000081004000,0x0000000086580000)
 Metaspace       used 4897K, capacity 5691K, committed 5888K, reserved 1056768K
  class space    used 456K, capacity 464K, committed 512K, reserved 1048576K
Event: 0.806 GC heap after
Heap after GC invocations=5 (full 0):
 PSYoungGen      total 71680K, used 3322K [0x00000000d5b00000, 0x00000000de400000, 0x0000000100000000)
  eden space 66560K, 0% used [0x00000000d5b00000,0x00000000d5b00000,0x00000000d9c00000)
  from space 5120K, 64% used [0x00000000d9c00000,0x00000000d9f3e940,0x00000000da100000)
  to   space 3584K, 0% used [0x00000000de080000,0x00000000de080000,0x00000000de400000)
 ParOldGen       total 87552K, used 24K [0x0000000081000000, 0x0000000086580000, 0x00000000d5b00000)
  object space 87552K, 0% used [0x0000000081000000,0x0000000081006000,0x0000000086580000)
 Metaspace       used 4897K, capacity 5691K, committed 5888K, reserved 1056768K
  class space    used 456K, capacity 464K, committed 512K, reserved 1048576K
}
Event: 0.867 GC heap before
{Heap before GC invocations=6 (full 0):
 PSYoungGen      total 71680K, used 69882K [0x00000000d5b00000, 0x00000000de400000, 0x0000000100000000)
  eden space 66560K, 100% used [0x00000000d5b00000,0x00000000d9c00000,0x00000000d9c00000)
  from space 5120K, 64% used [0x00000000d9c00000,0x00000000d9f3e940,0x00000000da100000)
  to   space 3584K, 0% used [0x00000000de080000,0x00000000de080000,0x00000000de400000)
 ParOldGen       total 87552K, used 24K [0x0000000081000000, 0x0000000086580000, 0x00000000d5b00000)
  object space 87552K, 0% used [0x0000000081000000,0x0000000081006000,0x0000000086580000)
 Metaspace       used 4902K, capacity 5691K, committed 5888K, reserved 1056768K
  class space    used 456K, capacity 464K, committed 512K, reserved 1048576K
Event: 0.869 GC heap after
Heap after GC invocations=6 (full 0):
 PSYoungGen      total 135680K, used 3558K [0x00000000d5b00000, 0x00000000de600000, 0x0000000100000000)
  eden space 132096K, 0% used [0x00000000d5b00000,0x00000000d5b00000,0x00000000ddc00000)
  from space 3584K, 99% used [0x00000000de080000,0x00000000de3f98a8,0x00000000de400000)
  to   space 4608K, 0% used [0x00000000ddc00000,0x00000000ddc00000,0x00000000de080000)
 ParOldGen       total 87552K, used 712K [0x0000000081000000, 0x0000000086580000, 0x00000000d5b00000)
  object space 87552K, 0% used [0x0000000081000000,0x00000000810b2000,0x0000000086580000)
 Metaspace       used 4902K, capacity 5691K, committed 5888K, reserved 1056768K
  class space    used 456K, capacity 464K, committed 512K, reserved 1048576K
}
Event: 1.005 GC heap before
{Heap before GC invocations=7 (full 0):
 PSYoungGen      total 135680K, used 135654K [0x00000000d5b00000, 0x00000000de600000, 0x0000000100000000)
  eden space 132096K, 100% used [0x00000000d5b00000,0x00000000ddc00000,0x00000000ddc00000)
  from space 3584K, 99% used [0x00000000de080000,0x00000000de3f98a8,0x00000000de400000)
  to   space 4608K, 0% used [0x00000000ddc00000,0x00000000ddc00000,0x00000000de080000)
 ParOldGen       total 87552K, used 712K [0x0000000081000000, 0x0000000086580000, 0x00000000d5b00000)
  object space 87552K, 0% used [0x0000000081000000,0x00000000810b2000,0x0000000086580000)
 Metaspace       used 4909K, capacity 5691K, committed 5888K, reserved 1056768K
  class space    used 456K, capacity 464K, committed 512K, reserved 1048576K
Event: 1.009 GC heap after
Heap after GC invocations=7 (full 0):
 PSYoungGen      total 136704K, used 3921K [0x00000000d5b00000, 0x00000000e6700000, 0x0000000100000000)
  eden space 132096K, 0% used [0x00000000d5b00000,0x00000000d5b00000,0x00000000ddc00000)
  from space 4608K, 85% used [0x00000000ddc00000,0x00000000ddfd4730,0x00000000de080000)
  to   space 5120K, 0% used [0x00000000e6200000,0x00000000e6200000,0x00000000e6700000)
 ParOldGen       total 87552K, used 2068K [0x0000000081000000, 0x0000000086580000, 0x00000000d5b00000)
  object space 87552K, 2% used [0x0000000081000000,0x0000000081205188,0x0000000086580000)
 Metaspace       used 4909K, capacity 5691K, committed 5888K, reserved 1056768K
  class space    used 456K, capacity 464K, committed 512K, reserved 1048576K
}

